<?xml version="1.0" encoding="UTF-8"?>
<testng-results skipped="0" failed="0" ignored="0" total="1" passed="1">
  <reporter-output>
  </reporter-output>
  <suite name="Default suite" duration-ms="14025" started-at="2019-06-09T07:17:27Z" finished-at="2019-06-09T07:17:41Z">
    <groups>
    </groups>
    <test name="Default test" duration-ms="14025" started-at="2019-06-09T07:17:27Z" finished-at="2019-06-09T07:17:41Z">
      <class name="Guru99.CustomerMiniStatement">
        <test-method status="PASS" signature="CustomerMiniStatement()[pri:0, instance:Guru99.CustomerMiniStatement@95c01ce9]" name="CustomerMiniStatement" duration-ms="13988" started-at="2019-06-09T07:17:27Z" finished-at="2019-06-09T07:17:41Z">
          <reporter-output>
          </reporter-output>
        </test-method> <!-- CustomerMiniStatement -->
      </class> <!-- Guru99.CustomerMiniStatement -->
    </test> <!-- Default test -->
  </suite> <!-- Default suite -->
</testng-results>
